Using pre-set license
Built from '2021.3/staging' branch; Version is '2021.3.4f1 (cb45f9cae8b7) revision 13321721'; Using compiler version '192829333'; Build Type 'Release'
OS: 'Windows 10  (10.0.19043) 64bit CoreSingleLanguage' Language: 'tr' Physical Memory: 8066 MB
BatchMode: 1, IsHumanControllingUs: 0, StartBugReporterOnCrash: 0, Is64bit: 1, IsPro: 1

COMMAND LINE ARGUMENTS:
C:\Program Files\Unity\Hub\Editor\2021.3.4f1\Editor\Unity.exe
-adb2
-batchMode
-noUpm
-name
AssetImportWorker1
-projectPath
C:/Users/Lenovo/Desktop/Önder
-logFile
Logs/AssetImportWorker1.log
-srvPort
49343
Successfully changed project path to: C:/Users/Lenovo/Desktop/Önder
C:/Users/Lenovo/Desktop/Önder
[UnityMemory] Configuration Parameters - Can be set up in boot.config
    "memorysetup-bucket-allocator-granularity=16"
    "memorysetup-bucket-allocator-bucket-count=8"
    "memorysetup-bucket-allocator-block-size=33554432"
    "memorysetup-bucket-allocator-block-count=8"
    "memorysetup-main-allocator-block-size=16777216"
    "memorysetup-thread-allocator-block-size=16777216"
    "memorysetup-gfx-main-allocator-block-size=16777216"
    "memorysetup-gfx-thread-allocator-block-size=16777216"
    "memorysetup-cache-allocator-block-size=4194304"
    "memorysetup-typetree-allocator-block-size=2097152"
    "memorysetup-profiler-bucket-allocator-granularity=16"
    "memorysetup-profiler-bucket-allocator-bucket-count=8"
    "memorysetup-profiler-bucket-allocator-block-size=33554432"
    "memorysetup-profiler-bucket-allocator-block-count=8"
    "memorysetup-profiler-allocator-block-size=16777216"
    "memorysetup-profiler-editor-allocator-block-size=1048576"
    "memorysetup-temp-allocator-size-main=16777216"
    "memorysetup-job-temp-allocator-block-size=2097152"
    "memorysetup-job-temp-allocator-block-size-background=1048576"
    "memorysetup-job-temp-allocator-reduction-small-platforms=262144"
    "memorysetup-temp-allocator-size-background-worker=32768"
    "memorysetup-temp-allocator-size-job-worker=262144"
    "memorysetup-temp-allocator-size-preload-manager=33554432"
    "memorysetup-temp-allocator-size-nav-mesh-worker=65536"
    "memorysetup-temp-allocator-size-audio-worker=65536"
    "memorysetup-temp-allocator-size-cloud-worker=32768"
    "memorysetup-temp-allocator-size-gi-baking-worker=262144"
    "memorysetup-temp-allocator-size-gfx=262144"
Refreshing native plugins compatible for Editor in 442.78 ms, found 4 plugins.
Preloading 0 native plugins for Editor in 0.00 ms.
Initialize engine version: 2021.3.4f1 (cb45f9cae8b7)
[Subsystems] Discovering subsystems at path C:/Program Files/Unity/Hub/Editor/2021.3.4f1/Editor/Data/Resources/UnitySubsystems
[Subsystems] Discovering subsystems at path C:/Users/Lenovo/Desktop/Önder/Assets
GfxDevice: creating device client; threaded=0; jobified=0
Direct3D:
    Version:  Direct3D 11.0 [level 11.1]
    Renderer: Intel(R) UHD Graphics 620 (ID=0x5917)
    Vendor:   Intel
    VRAM:     4033 MB
    Driver:   24.20.100.6292
Initialize mono
Mono path[0] = 'C:/Program Files/Unity/Hub/Editor/2021.3.4f1/Editor/Data/Managed'
Mono path[1] = 'C:/Program Files/Unity/Hub/Editor/2021.3.4f1/Editor/Data/MonoBleedingEdge/lib/mono/unityjit-win32'
Mono config path = 'C:/Program Files/Unity/Hub/Editor/2021.3.4f1/Editor/Data/MonoBleedingEdge/etc'
Using monoOptions --debugger-agent=transport=dt_socket,embedding=1,server=y,suspend=n,address=127.0.0.1:56720
Begin MonoManager ReloadAssembly
Registering precompiled unity dll's ...
Register platform support module: C:/Program Files/Unity/Hub/Editor/2021.3.4f1/Editor/Data/PlaybackEngines/WindowsStandaloneSupport/UnityEditor.WindowsStandalone.Extensions.dll
Registered in 0.163687 seconds.
Native extension for WindowsStandalone target not found
Refreshing native plugins compatible for Editor in 126.51 ms, found 4 plugins.
Preloading 0 native plugins for Editor in 0.00 ms.
Mono: successfully reloaded assembly
- Completed reload, in  5.386 seconds
Domain Reload Profiling:
	ReloadAssembly (5387ms)
		BeginReloadAssembly (4451ms)
			ExecutionOrderSort (0ms)
			DisableScriptedObjects (0ms)
			BackupInstance (0ms)
			ReleaseScriptingObjects (0ms)
			CreateAndSetChildDomain (1ms)
		EndReloadAssembly (578ms)
			LoadAssemblies (4447ms)
			RebuildTransferFunctionScriptingTraits (0ms)
			SetupTypeCache (129ms)
			ReleaseScriptCaches (0ms)
			RebuildScriptCaches (34ms)
			SetupLoadedEditorAssemblies (353ms)
				LogAssemblyErrors (0ms)
				InitializePlatformSupportModulesInManaged (9ms)
				SetLoadedEditorAssemblies (0ms)
				RefreshPlugins (127ms)
				BeforeProcessingInitializeOnLoad (2ms)
				ProcessInitializeOnLoadAttributes (153ms)
				ProcessInitializeOnLoadMethodAttributes (62ms)
				AfterProcessingInitializeOnLoad (0ms)
				EditorAssembliesLoaded (0ms)
			ExecutionOrderSort2 (0ms)
			AwakeInstancesAfterBackupRestoration (0ms)
Platform modules already initialized, skipping
Registering precompiled user dll's ...
Registered in 0.521885 seconds.
Begin MonoManager ReloadAssembly
Symbol file LoadedFromMemory doesn't match image C:\Users\Lenovo\Desktop\Önder\Library\PackageCache\com.unity.visualscripting@1.7.8\Editor\VisualScripting.Core\Dependencies\YamlDotNet\Unity.VisualScripting.YamlDotNet.dll
Symbol file LoadedFromMemory doesn't match image C:\Users\Lenovo\Desktop\Önder\Library\PackageCache\com.unity.visualscripting@1.7.8\Editor\VisualScripting.Core\Dependencies\DotNetZip\Unity.VisualScripting.IonicZip.dll
Native extension for WindowsStandalone target not found
Refreshing native plugins compatible for Editor in 127.54 ms, found 4 plugins.
Preloading 0 native plugins for Editor in 0.00 ms.
Mono: successfully reloaded assembly
- Completed reload, in  2.224 seconds
Domain Reload Profiling:
	ReloadAssembly (2225ms)
		BeginReloadAssembly (161ms)
			ExecutionOrderSort (0ms)
			DisableScriptedObjects (11ms)
			BackupInstance (0ms)
			ReleaseScriptingObjects (0ms)
			CreateAndSetChildDomain (26ms)
		EndReloadAssembly (1814ms)
			LoadAssemblies (642ms)
			RebuildTransferFunctionScriptingTraits (0ms)
			SetupTypeCache (316ms)
			ReleaseScriptCaches (1ms)
			RebuildScriptCaches (79ms)
			SetupLoadedEditorAssemblies (716ms)
				LogAssemblyErrors (0ms)
				InitializePlatformSupportModulesInManaged (6ms)
				SetLoadedEditorAssemblies (0ms)
				RefreshPlugins (128ms)
				BeforeProcessingInitializeOnLoad (140ms)
				ProcessInitializeOnLoadAttributes (347ms)
				ProcessInitializeOnLoadMethodAttributes (79ms)
				AfterProcessingInitializeOnLoad (16ms)
				EditorAssembliesLoaded (0ms)
			ExecutionOrderSort2 (0ms)
			AwakeInstancesAfterBackupRestoration (9ms)
Platform modules already initialized, skipping
========================================================================
Worker process is ready to serve import requests
Launched and connected shader compiler UnityShaderCompiler.exe after 0.09 seconds
Refreshing native plugins compatible for Editor in 1.35 ms, found 4 plugins.
Preloading 0 native plugins for Editor in 0.00 ms.
Unloading 4056 Unused Serialized files (Serialized files now loaded: 0)
Unloading 44 unused Assets / (222.9 KB). Loaded Objects now: 4505.
Memory consumption went from 150.8 MB to 150.6 MB.
Total: 9.370800 ms (FindLiveObjects: 0.382500 ms CreateObjectMapping: 1.038300 ms MarkObjects: 6.866000 ms  DeleteObjects: 1.078500 ms)

AssetImportParameters requested are different than current active one (requested -> active):
  custom:video-decoder-ogg-theora: a1e56fd34408186e4bbccfd4996cb3dc -> 
  custom:container-muxer-webm: aa71ff27fc2769a1b78a27578f13a17b -> 
  custom:container-demuxer-webm: 4f35f7cbe854078d1ac9338744f61a02 -> 
  custom:video-encoder-webm-vp8: eb34c28f22e8b96e1ab97ce403110664 -> 
  custom:audio-encoder-webm-vorbis: bf7c407c2cedff20999df2af8eb42d56 -> 
  custom:framework-win-MediaFoundation: 216162199b28c13a410421893ffa2e32 -> 
  custom:container-demuxer-ogg: 62fdf1f143b41e24485cea50d1cbac27 -> 
  custom:video-decoder-webm-vp8: 9c59270c3fd7afecdb556c50c9e8de78 -> 
  custom:audio-decoder-ogg-vorbis: bf7c407c2cedff20999df2af8eb42d56 -> 
========================================================================
Received Import Request.
  Time since last request: 536953.517059 seconds.
  path: Assets/ocean.asset
  artifactKey: Guid(f4955340ecd301048acaa61a6f4fa30d) Importer(815301076,1909f56bfc062723c751e8b465ee728b)
Start importing Assets/ocean.asset using Guid(f4955340ecd301048acaa61a6f4fa30d) Importer(815301076,1909f56bfc062723c751e8b465ee728b)  -> (artifact id: '7e7e94dfd0498c8c61b09fa674cbb482') in 0.103070 seconds 
========================================================================
Received Import Request.
  Time since last request: 3.384047 seconds.
  path: Assets/shallow.asset
  artifactKey: Guid(058883fb7b72d544688eb156d3459b6e) Importer(815301076,1909f56bfc062723c751e8b465ee728b)
Start importing Assets/shallow.asset using Guid(058883fb7b72d544688eb156d3459b6e) Importer(815301076,1909f56bfc062723c751e8b465ee728b)  -> (artifact id: 'edfe1bea852ccc0e1af829da34b7e97f') in 0.015448 seconds 
========================================================================
Received Import Request.
  Time since last request: 3.486980 seconds.
  path: Assets/map.prefab
  artifactKey: Guid(aa716efce352f804a9a9cf85ccee7010) Importer(815301076,1909f56bfc062723c751e8b465ee728b)
Start importing Assets/map.prefab using Guid(aa716efce352f804a9a9cf85ccee7010) Importer(815301076,1909f56bfc062723c751e8b465ee728b)  -> (artifact id: '7e28ddf39eaf17de1da1173529bab154') in 0.082202 seconds 
========================================================================
Received Import Request.
  Time since last request: 39.540917 seconds.
  path: Assets/land.png
  artifactKey: Guid(e04806a699f3d2142b6111c50509ca71) Importer(815301076,1909f56bfc062723c751e8b465ee728b)
Start importing Assets/land.png using Guid(e04806a699f3d2142b6111c50509ca71) Importer(815301076,1909f56bfc062723c751e8b465ee728b)  -> (artifact id: '5b75227f7eddcea55695604831e83971') in 0.069071 seconds 
========================================================================
Received Import Request.
  Time since last request: 5.506106 seconds.
  path: Assets/ocean.asset
  artifactKey: Guid(f4955340ecd301048acaa61a6f4fa30d) Importer(815301076,1909f56bfc062723c751e8b465ee728b)
Start importing Assets/ocean.asset using Guid(f4955340ecd301048acaa61a6f4fa30d) Importer(815301076,1909f56bfc062723c751e8b465ee728b)  -> (artifact id: 'ca7a60b47bea96899604dfe8390a9f46') in 0.011949 seconds 
========================================================================
Received Import Request.
  Time since last request: 0.000030 seconds.
  path: Assets/ocean.png
  artifactKey: Guid(061fee07268287a40a43b1ec4baf0f67) Importer(815301076,1909f56bfc062723c751e8b465ee728b)
Start importing Assets/ocean.png using Guid(061fee07268287a40a43b1ec4baf0f67) Importer(815301076,1909f56bfc062723c751e8b465ee728b)  -> (artifact id: 'f3184303fb75e7dad42d5919753731be') in 0.043042 seconds 
========================================================================
Received Import Request.
  Time since last request: 3.249900 seconds.
  path: Assets/shallow.asset
  artifactKey: Guid(058883fb7b72d544688eb156d3459b6e) Importer(815301076,1909f56bfc062723c751e8b465ee728b)
Start importing Assets/shallow.asset using Guid(058883fb7b72d544688eb156d3459b6e) Importer(815301076,1909f56bfc062723c751e8b465ee728b)  -> (artifact id: '4433d9a7b8a810edc8d0d3a7279b97fb') in 0.012397 seconds 
========================================================================
Received Import Request.
  Time since last request: 0.000040 seconds.
  path: Assets/shallow.png
  artifactKey: Guid(94e1718749c2e6e48a3bef96d671078c) Importer(815301076,1909f56bfc062723c751e8b465ee728b)
Start importing Assets/shallow.png using Guid(94e1718749c2e6e48a3bef96d671078c) Importer(815301076,1909f56bfc062723c751e8b465ee728b)  -> (artifact id: '16f960711c8a8ffd8cd7008d807b09ec') in 0.041068 seconds 
========================================================================
Received Import Request.
  Time since last request: 20.603651 seconds.
  path: Assets/land.png
  artifactKey: Guid(e04806a699f3d2142b6111c50509ca71) Importer(815301076,1909f56bfc062723c751e8b465ee728b)
Start importing Assets/land.png using Guid(e04806a699f3d2142b6111c50509ca71) Importer(815301076,1909f56bfc062723c751e8b465ee728b)  -> (artifact id: '37468992cd3ec357935132d18fe20c04') in 0.042799 seconds 
========================================================================
Received Import Request.
  Time since last request: 9.582113 seconds.
  path: Assets/ocean.asset
  artifactKey: Guid(f4955340ecd301048acaa61a6f4fa30d) Importer(815301076,1909f56bfc062723c751e8b465ee728b)
Start importing Assets/ocean.asset using Guid(f4955340ecd301048acaa61a6f4fa30d) Importer(815301076,1909f56bfc062723c751e8b465ee728b)  -> (artifact id: '5a3c5d5e1bf9eefc6fca3cef9fa99eda') in 0.011163 seconds 
========================================================================
Received Import Request.
  Time since last request: 0.000025 seconds.
  path: Assets/ocean.png
  artifactKey: Guid(061fee07268287a40a43b1ec4baf0f67) Importer(815301076,1909f56bfc062723c751e8b465ee728b)
Start importing Assets/ocean.png using Guid(061fee07268287a40a43b1ec4baf0f67) Importer(815301076,1909f56bfc062723c751e8b465ee728b)  -> (artifact id: '2ba5d86d9cafdbbf61184ac950820af5') in 0.038178 seconds 
========================================================================
Received Import Request.
  Time since last request: 6.173812 seconds.
  path: Assets/shallow.asset
  artifactKey: Guid(058883fb7b72d544688eb156d3459b6e) Importer(815301076,1909f56bfc062723c751e8b465ee728b)
Start importing Assets/shallow.asset using Guid(058883fb7b72d544688eb156d3459b6e) Importer(815301076,1909f56bfc062723c751e8b465ee728b)  -> (artifact id: '8f485f9c5ef5bb65cb2814ffb565d10b') in 0.010966 seconds 
========================================================================
Received Import Request.
  Time since last request: 0.000026 seconds.
  path: Assets/shallow.png
  artifactKey: Guid(94e1718749c2e6e48a3bef96d671078c) Importer(815301076,1909f56bfc062723c751e8b465ee728b)
Start importing Assets/shallow.png using Guid(94e1718749c2e6e48a3bef96d671078c) Importer(815301076,1909f56bfc062723c751e8b465ee728b)  -> (artifact id: 'fd28b453edfc798d02efa124ef51f47d') in 0.039390 seconds 
========================================================================
Received Import Request.
  Time since last request: 73.561067 seconds.
  path: Assets/ocean.png
  artifactKey: Guid(061fee07268287a40a43b1ec4baf0f67) Importer(815301076,1909f56bfc062723c751e8b465ee728b)
Start importing Assets/ocean.png using Guid(061fee07268287a40a43b1ec4baf0f67) Importer(815301076,1909f56bfc062723c751e8b465ee728b)  -> (artifact id: 'aeef172fea480250ac677aafa06d9dfd') in 0.033855 seconds 
========================================================================
Received Import Request.
  Time since last request: 0.000042 seconds.
  path: Assets/shallow.png
  artifactKey: Guid(94e1718749c2e6e48a3bef96d671078c) Importer(815301076,1909f56bfc062723c751e8b465ee728b)
Start importing Assets/shallow.png using Guid(94e1718749c2e6e48a3bef96d671078c) Importer(815301076,1909f56bfc062723c751e8b465ee728b)  -> (artifact id: '469eac84857bc9672098af7f187354e8') in 0.033132 seconds 
========================================================================
Received Import Request.
  Time since last request: 11.330388 seconds.
  path: Assets/map.prefab
  artifactKey: Guid(aa716efce352f804a9a9cf85ccee7010) Importer(815301076,1909f56bfc062723c751e8b465ee728b)
Start importing Assets/map.prefab using Guid(aa716efce352f804a9a9cf85ccee7010) Importer(815301076,1909f56bfc062723c751e8b465ee728b)  -> (artifact id: 'f089bca5bcdc5f93d816bf60e9ce9e13') in 0.022836 seconds 
========================================================================
Received Import Request.
  Time since last request: 2.458562 seconds.
  path: Assets/ocean.asset
  artifactKey: Guid(f4955340ecd301048acaa61a6f4fa30d) Importer(815301076,1909f56bfc062723c751e8b465ee728b)
Start importing Assets/ocean.asset using Guid(f4955340ecd301048acaa61a6f4fa30d) Importer(815301076,1909f56bfc062723c751e8b465ee728b)  -> (artifact id: '0c25e72870976a8f44d8dc695d1f3bf5') in 0.018343 seconds 
========================================================================
Received Import Request.
  Time since last request: 2.360538 seconds.
  path: Assets/shallow.asset
  artifactKey: Guid(058883fb7b72d544688eb156d3459b6e) Importer(815301076,1909f56bfc062723c751e8b465ee728b)
Start importing Assets/shallow.asset using Guid(058883fb7b72d544688eb156d3459b6e) Importer(815301076,1909f56bfc062723c751e8b465ee728b)  -> (artifact id: 'ed85b131b7cd36569d7d7923fd1c8a25') in 0.017112 seconds 
========================================================================
Received Import Request.
  Time since last request: 9.287675 seconds.
  path: Assets/land.png
  artifactKey: Guid(e04806a699f3d2142b6111c50509ca71) Importer(815301076,1909f56bfc062723c751e8b465ee728b)
Start importing Assets/land.png using Guid(e04806a699f3d2142b6111c50509ca71) Importer(815301076,1909f56bfc062723c751e8b465ee728b)  -> (artifact id: 'fb9fa7c5dcea863bb8c745f572c848cb') in 0.031495 seconds 
========================================================================
Received Import Request.
  Time since last request: 3.224655 seconds.
  path: Assets/ocean.asset
  artifactKey: Guid(f4955340ecd301048acaa61a6f4fa30d) Importer(815301076,1909f56bfc062723c751e8b465ee728b)
Start importing Assets/ocean.asset using Guid(f4955340ecd301048acaa61a6f4fa30d) Importer(815301076,1909f56bfc062723c751e8b465ee728b)  -> (artifact id: '00f9c3056bcb0cfa4490980da0ac770a') in 0.011054 seconds 
========================================================================
Received Import Request.
  Time since last request: 0.000026 seconds.
  path: Assets/ocean.png
  artifactKey: Guid(061fee07268287a40a43b1ec4baf0f67) Importer(815301076,1909f56bfc062723c751e8b465ee728b)
Start importing Assets/ocean.png using Guid(061fee07268287a40a43b1ec4baf0f67) Importer(815301076,1909f56bfc062723c751e8b465ee728b)  -> (artifact id: 'b2c90b71ab8065b5fde4fe2c799d7b3c') in 0.025114 seconds 
========================================================================
Received Import Request.
  Time since last request: 3.220869 seconds.
  path: Assets/shallow.asset
  artifactKey: Guid(058883fb7b72d544688eb156d3459b6e) Importer(815301076,1909f56bfc062723c751e8b465ee728b)
Start importing Assets/shallow.asset using Guid(058883fb7b72d544688eb156d3459b6e) Importer(815301076,1909f56bfc062723c751e8b465ee728b)  -> (artifact id: 'e23104625b837d88d8ef2ee5b4fdabc5') in 0.012620 seconds 
========================================================================
Received Import Request.
  Time since last request: 0.000024 seconds.
  path: Assets/shallow.png
  artifactKey: Guid(94e1718749c2e6e48a3bef96d671078c) Importer(815301076,1909f56bfc062723c751e8b465ee728b)
Start importing Assets/shallow.png using Guid(94e1718749c2e6e48a3bef96d671078c) Importer(815301076,1909f56bfc062723c751e8b465ee728b)  -> (artifact id: '4012b10b4199a4b389430f8aed37d1dd') in 0.026183 seconds 
========================================================================
Received Import Request.
  Time since last request: 8.749636 seconds.
  path: Assets/land.png
  artifactKey: Guid(e04806a699f3d2142b6111c50509ca71) Importer(815301076,1909f56bfc062723c751e8b465ee728b)
Start importing Assets/land.png using Guid(e04806a699f3d2142b6111c50509ca71) Importer(815301076,1909f56bfc062723c751e8b465ee728b)  -> (artifact id: '10c30e897445c579599ed93f7e373018') in 0.031249 seconds 
========================================================================
Received Import Request.
  Time since last request: 7.896806 seconds.
  path: Assets/land.png
  artifactKey: Guid(e04806a699f3d2142b6111c50509ca71) Importer(815301076,1909f56bfc062723c751e8b465ee728b)
Start importing Assets/land.png using Guid(e04806a699f3d2142b6111c50509ca71) Importer(815301076,1909f56bfc062723c751e8b465ee728b)  -> (artifact id: 'a06f347bb6c2c88ea7c0578961c9a3eb') in 0.031024 seconds 
========================================================================
Received Import Request.
  Time since last request: 13.497550 seconds.
  path: Assets/land.png
  artifactKey: Guid(e04806a699f3d2142b6111c50509ca71) Importer(815301076,1909f56bfc062723c751e8b465ee728b)
Start importing Assets/land.png using Guid(e04806a699f3d2142b6111c50509ca71) Importer(815301076,1909f56bfc062723c751e8b465ee728b)  -> (artifact id: '4c4f6da914e54b0b711c98bd8eb8760a') in 0.027480 seconds 
========================================================================
Received Import Request.
  Time since last request: 4.778636 seconds.
  path: Assets/land.png
  artifactKey: Guid(e04806a699f3d2142b6111c50509ca71) Importer(815301076,1909f56bfc062723c751e8b465ee728b)
Start importing Assets/land.png using Guid(e04806a699f3d2142b6111c50509ca71) Importer(815301076,1909f56bfc062723c751e8b465ee728b)  -> (artifact id: '3ec6ba49d569df34030f84cf2296296f') in 0.033016 seconds 
========================================================================
Received Import Request.
  Time since last request: 5.164117 seconds.
  path: Assets/land.png
  artifactKey: Guid(e04806a699f3d2142b6111c50509ca71) Importer(815301076,1909f56bfc062723c751e8b465ee728b)
Start importing Assets/land.png using Guid(e04806a699f3d2142b6111c50509ca71) Importer(815301076,1909f56bfc062723c751e8b465ee728b)  -> (artifact id: 'e0a912d8177a8f0f1aeb2ac1425ec0be') in 0.029954 seconds 
========================================================================
Received Import Request.
  Time since last request: 6.180483 seconds.
  path: Assets/ocean.asset
  artifactKey: Guid(f4955340ecd301048acaa61a6f4fa30d) Importer(815301076,1909f56bfc062723c751e8b465ee728b)
Start importing Assets/ocean.asset using Guid(f4955340ecd301048acaa61a6f4fa30d) Importer(815301076,1909f56bfc062723c751e8b465ee728b)  -> (artifact id: '640c3cc8f3d59d523135fd75226d7eeb') in 0.011669 seconds 
========================================================================
Received Import Request.
  Time since last request: 0.000025 seconds.
  path: Assets/ocean.png
  artifactKey: Guid(061fee07268287a40a43b1ec4baf0f67) Importer(815301076,1909f56bfc062723c751e8b465ee728b)
Start importing Assets/ocean.png using Guid(061fee07268287a40a43b1ec4baf0f67) Importer(815301076,1909f56bfc062723c751e8b465ee728b)  -> (artifact id: '70924ebb09bb9d26ed5a09d76b7d25c1') in 0.026972 seconds 
========================================================================
Received Import Request.
  Time since last request: 3.494159 seconds.
  path: Assets/shallow.asset
  artifactKey: Guid(058883fb7b72d544688eb156d3459b6e) Importer(815301076,1909f56bfc062723c751e8b465ee728b)
Start importing Assets/shallow.asset using Guid(058883fb7b72d544688eb156d3459b6e) Importer(815301076,1909f56bfc062723c751e8b465ee728b)  -> (artifact id: '60856e71dbf713705cdc7df7786f5ba9') in 0.012758 seconds 
========================================================================
Received Import Request.
  Time since last request: 0.000039 seconds.
  path: Assets/shallow.png
  artifactKey: Guid(94e1718749c2e6e48a3bef96d671078c) Importer(815301076,1909f56bfc062723c751e8b465ee728b)
Start importing Assets/shallow.png using Guid(94e1718749c2e6e48a3bef96d671078c) Importer(815301076,1909f56bfc062723c751e8b465ee728b)  -> (artifact id: 'b27ad51829489f2a80d691e287280958') in 0.032967 seconds 
